<?xml version="1.0" encoding="UTF-8"?>
<!-- Generated by org.testng.reporters.JUnitReportReporter -->
<testsuite hostname="ksudharm" name="com.training.sanity.tests.ChangeProfileTests" tests="1" failures="0" timestamp="27 Aug 2019 03:31:49 GMT" time="27.649" errors="0">
  <testcase name="validChangeProfileTest" time="27.649" classname="com.training.sanity.tests.ChangeProfileTests"/>
</testsuite> <!-- com.training.sanity.tests.ChangeProfileTests -->
