<?xml version="1.0" encoding="UTF-8"?>
<!-- Generated by org.testng.reporters.JUnitReportReporter -->
<testsuite hostname="ksudharm" name="com.training.sanity.tests.ChangePasswordTests" tests="1" failures="0" timestamp="27 Aug 2019 03:26:04 GMT" time="29.553" errors="0">
  <testcase name="validChangeProfileTest" time="29.553" classname="com.training.sanity.tests.ChangePasswordTests"/>
</testsuite> <!-- com.training.sanity.tests.ChangePasswordTests -->
