<?xml version="1.0" encoding="UTF-8"?>
<!-- Generated by org.testng.reporters.JUnitReportReporter -->
<testsuite hostname="ksudharm" name="com.training.sanity.tests.LoginTests" tests="1" failures="0" timestamp="27 Aug 2019 03:30:26 GMT" time="25.670" errors="0">
  <testcase name="validLoginTest" time="25.670" classname="com.training.sanity.tests.LoginTests"/>
</testsuite> <!-- com.training.sanity.tests.LoginTests -->
